0 info it worked if it ends with ok
1 verbose cli [ 'D:\\node.js\\node.exe',
1 verbose cli   'D:\\node.js\\node_modules\\npm\\bin\\npm-cli.js',
1 verbose cli   'start' ]
2 info using npm@4.0.5
3 info using node@v7.4.0
4 verbose run-script [ 'prestart', 'start', 'poststart' ]
5 info lifecycle cv@1.0.0~prestart: cv@1.0.0
6 silly lifecycle cv@1.0.0~prestart: no script for prestart, continuing
7 info lifecycle cv@1.0.0~start: cv@1.0.0
8 verbose lifecycle cv@1.0.0~start: unsafe-perm in lifecycle true
9 verbose lifecycle cv@1.0.0~start: PATH: D:\node.js\node_modules\npm\bin\node-gyp-bin;E:\my-job\node_modules\.bin;C:\Windows\system32;C:\Windows;C:\Windows\System32\Wbem;C:\Windows\System32\WindowsPowerShell\v1.0\;D:\node.js\;C:\Program Files\Git\cmd;C:\Users\Administrator\AppData\Roaming\npm;D:\visweb\Microsoft VS Code\bin
10 verbose lifecycle cv@1.0.0~start: CWD: E:\my-job
11 silly lifecycle cv@1.0.0~start: Args: [ '/d /s /c', 'webpack-dev-server --hot --progress' ]
12 silly lifecycle cv@1.0.0~start: Returned: code: 3221225786  signal: null
13 info lifecycle cv@1.0.0~start: Failed to exec start script
14 verbose stack Error: cv@1.0.0 start: `webpack-dev-server --hot --progress`
14 verbose stack Exit status 3221225786
14 verbose stack     at EventEmitter.<anonymous> (D:\node.js\node_modules\npm\lib\utils\lifecycle.js:279:16)
14 verbose stack     at emitTwo (events.js:106:13)
14 verbose stack     at EventEmitter.emit (events.js:191:7)
14 verbose stack     at ChildProcess.<anonymous> (D:\node.js\node_modules\npm\lib\utils\spawn.js:40:14)
14 verbose stack     at emitTwo (events.js:106:13)
14 verbose stack     at ChildProcess.emit (events.js:191:7)
14 verbose stack     at maybeClose (internal/child_process.js:885:16)
14 verbose stack     at Process.ChildProcess._handle.onexit (internal/child_process.js:226:5)
15 verbose pkgid cv@1.0.0
16 verbose cwd E:\my-job
17 error Windows_NT 6.1.7601
18 error argv "D:\\node.js\\node.exe" "D:\\node.js\\node_modules\\npm\\bin\\npm-cli.js" "start"
19 error node v7.4.0
20 error npm  v4.0.5
21 error code ELIFECYCLE
22 error cv@1.0.0 start: `webpack-dev-server --hot --progress`
22 error Exit status 3221225786
23 error Failed at the cv@1.0.0 start script 'webpack-dev-server --hot --progress'.
23 error Make sure you have the latest version of node.js and npm installed.
23 error If you do, this is most likely a problem with the cv package,
23 error not with npm itself.
23 error Tell the author that this fails on your system:
23 error     webpack-dev-server --hot --progress
23 error You can get information on how to open an issue for this project with:
23 error     npm bugs cv
23 error Or if that isn't available, you can get their info via:
23 error     npm owner ls cv
23 error There is likely additional logging output above.
24 verbose exit [ 1, true ]
